<?xml version="1.0" encoding="UTF-8"?>
<testng-results ignored="0" total="6" passed="6" failed="0" skipped="0">
  <reporter-output>
  </reporter-output>
  <suite started-at="2023-03-20T17:01:39 ICT" name="search-module" finished-at="2023-03-20T17:01:51 ICT" duration-ms="11699">
    <groups>
    </groups>
    <test started-at="2023-03-20T17:01:39 ICT" name="Login" finished-at="2023-03-20T17:01:49 ICT" duration-ms="10423">
      <class name="test.LoginTestDocker">
        <test-method is-config="true" signature="setupDriver(org.testng.ITestContext)[pri:0, instance:test.LoginTestDocker@4b8729ff]" started-at="2023-03-20T17:01:39 ICT" name="setupDriver" finished-at="2023-03-20T17:01:46 ICT" duration-ms="7077" status="PASS">
          <params>
            <param index="0">
              <value>
                <![CDATA[org.testng.TestRunner@3224a577]]>
              </value>
            </param>
          </params>
          <reporter-output>
          </reporter-output>
        </test-method> <!-- setupDriver -->
        <test-method signature="invalidEmail()[pri:0, instance:test.LoginTestDocker@4b8729ff]" started-at="2023-03-20T17:01:46 ICT" name="invalidEmail" finished-at="2023-03-20T17:01:48 ICT" duration-ms="1640" status="PASS">
          <reporter-output>
          </reporter-output>
        </test-method> <!-- invalidEmail -->
        <test-method signature="invalidPassword()[pri:0, instance:test.LoginTestDocker@4b8729ff]" started-at="2023-03-20T17:01:48 ICT" name="invalidPassword" finished-at="2023-03-20T17:01:48 ICT" duration-ms="725" status="PASS">
          <reporter-output>
          </reporter-output>
        </test-method> <!-- invalidPassword -->
        <test-method signature="validLogin()[pri:0, instance:test.LoginTestDocker@4b8729ff]" started-at="2023-03-20T17:01:48 ICT" name="validLogin" finished-at="2023-03-20T17:01:49 ICT" duration-ms="681" status="PASS">
          <reporter-output>
          </reporter-output>
        </test-method> <!-- validLogin -->
        <test-method is-config="true" signature="quitDriver()[pri:0, instance:test.LoginTestDocker@4b8729ff]" started-at="2023-03-20T17:01:49 ICT" name="quitDriver" finished-at="2023-03-20T17:01:49 ICT" duration-ms="119" status="PASS">
          <reporter-output>
          </reporter-output>
        </test-method> <!-- quitDriver -->
      </class> <!-- test.LoginTestDocker -->
    </test> <!-- Login -->
    <test started-at="2023-03-20T17:01:39 ICT" name="Api-test" finished-at="2023-03-20T17:01:51 ICT" duration-ms="11699">
      <class name="test.LoginTestDocker">
        <test-method is-config="true" signature="setupDriver(org.testng.ITestContext)[pri:0, instance:test.LoginTestDocker@7283d3eb]" started-at="2023-03-20T17:01:39 ICT" name="setupDriver" finished-at="2023-03-20T17:01:48 ICT" duration-ms="8815" status="PASS">
          <params>
            <param index="0">
              <value>
                <![CDATA[org.testng.TestRunner@2e32ccc5]]>
              </value>
            </param>
          </params>
          <reporter-output>
          </reporter-output>
        </test-method> <!-- setupDriver -->
        <test-method signature="invalidEmail()[pri:0, instance:test.LoginTestDocker@7283d3eb]" started-at="2023-03-20T17:01:48 ICT" name="invalidEmail" finished-at="2023-03-20T17:01:49 ICT" duration-ms="1438" status="PASS">
          <reporter-output>
          </reporter-output>
        </test-method> <!-- invalidEmail -->
        <test-method signature="invalidPassword()[pri:0, instance:test.LoginTestDocker@7283d3eb]" started-at="2023-03-20T17:01:49 ICT" name="invalidPassword" finished-at="2023-03-20T17:01:50 ICT" duration-ms="674" status="PASS">
          <reporter-output>
          </reporter-output>
        </test-method> <!-- invalidPassword -->
        <test-method signature="validLogin()[pri:0, instance:test.LoginTestDocker@7283d3eb]" started-at="2023-03-20T17:01:50 ICT" name="validLogin" finished-at="2023-03-20T17:01:50 ICT" duration-ms="621" status="PASS">
          <reporter-output>
          </reporter-output>
        </test-method> <!-- validLogin -->
        <test-method is-config="true" signature="quitDriver()[pri:0, instance:test.LoginTestDocker@7283d3eb]" started-at="2023-03-20T17:01:50 ICT" name="quitDriver" finished-at="2023-03-20T17:01:51 ICT" duration-ms="117" status="PASS">
          <reporter-output>
          </reporter-output>
        </test-method> <!-- quitDriver -->
      </class> <!-- test.LoginTestDocker -->
    </test> <!-- Api-test -->
  </suite> <!-- search-module -->
</testng-results>
