<?xml version="1.0" encoding="UTF-8"?>
<!-- Generated by org.testng.reporters.JUnitXMLReporter -->
<testsuite ignored="0" hostname="DESKTOP-NVQOVER" failures="0" tests="6" name="Api-test" time="12.711" errors="0" timestamp="2023-03-20T16:42:27 ICT">
  <testcase classname="test.LoginTestDocker" name="invalidEmail" time="1.663"/>
  <testcase classname="test.LoginTestDocker" name="invalidEmail" time="1.663"/>
  <testcase classname="test.LoginTestDocker" name="invalidPassword" time="0.802"/>
  <testcase classname="test.LoginTestDocker" name="invalidPassword" time="0.808"/>
  <testcase classname="test.LoginTestDocker" name="validLogin" time="0.811"/>
  <testcase classname="test.LoginTestDocker" name="validLogin" time="0.817"/>
</testsuite> <!-- Api-test -->
