<?xml version="1.0" encoding="UTF-8"?>
<!-- Generated by org.testng.reporters.JUnitXMLReporter -->
<testsuite ignored="0" hostname="DESKTOP-NVQOVER" failures="0" tests="6" name="Login" time="10.024" errors="0" timestamp="2023-03-20T16:53:41 ICT">
  <testcase classname="test.LoginTestDocker" name="invalidEmail" time="1.542"/>
  <testcase classname="test.LoginTestDocker" name="invalidEmail" time="1.584"/>
  <testcase classname="test.LoginTestDocker" name="invalidPassword" time="0.77"/>
  <testcase classname="test.LoginTestDocker" name="invalidPassword" time="0.803"/>
  <testcase classname="test.LoginTestDocker" name="validLogin" time="0.591"/>
  <testcase classname="test.LoginTestDocker" name="validLogin" time="0.597"/>
</testsuite> <!-- Login -->
