<?xml version="1.0" encoding="UTF-8"?>
<!-- Generated by org.testng.reporters.JUnitXMLReporter -->
<testsuite ignored="0" hostname="DESKTOP-NVQOVER" failures="0" tests="4" name="Login" time="10.423" errors="0" timestamp="2023-03-20T17:01:49 ICT">
  <testcase classname="test.LoginTestDocker" name="invalidEmail" time="1.64"/>
  <testcase classname="test.LoginTestDocker" name="invalidPassword" time="0.725"/>
  <testcase classname="test.LoginTestDocker" name="invalidEmail" time="1.438"/>
  <testcase classname="test.LoginTestDocker" name="validLogin" time="0.681"/>
</testsuite> <!-- Login -->
